<?xml version="1.0" encoding="UTF-8"?>
<testng-results skipped="0" failed="1" total="3" passed="2">
  <reporter-output>
  </reporter-output>
  <suite name="Suite" duration-ms="46891" started-at="2020-11-01T09:40:50Z" finished-at="2020-11-01T09:41:37Z">
    <groups>
    </groups>
    <test name="Test" duration-ms="46891" started-at="2020-11-01T09:40:50Z" finished-at="2020-11-01T09:41:37Z">
      <class name="com.automation.test.LoginTest">
        <test-method status="FAIL" signature="testOne(java.lang.String)[pri:0, instance:com.automation.test.LoginTest@619713e5]" name="testOne" duration-ms="0" started-at="2020-11-01T15:11:16Z" data-provider="emailId" finished-at="2020-11-01T15:11:16Z">
          <exception class="org.testng.TestNGException">
            <message>
              <![CDATA[
Data Provider public java.lang.Object[] com.automation.test.LoginTest.emailId() must return either Object[][] or Iterator<Object>[], not class [Ljava.lang.Object;]]>
            </message>
            <full-stacktrace>
              <![CDATA[org.testng.TestNGException: 
Data Provider public java.lang.Object[] com.automation.test.LoginTest.emailId() must return either Object[][] or Iterator<Object>[], not class [Ljava.lang.Object;
	at org.testng.internal.MethodInvocationHelper.invokeDataProvider(MethodInvocationHelper.java:137)
	at org.testng.internal.Parameters.handleParameters(Parameters.java:426)
	at org.testng.internal.Invoker.handleParameters(Invoker.java:1383)
	at org.testng.internal.Invoker.createParameters(Invoker.java:1075)
	at org.testng.internal.Invoker.invokeTestMethods(Invoker.java:1180)
	at org.testng.internal.TestMethodWorker.invokeTestMethods(TestMethodWorker.java:127)
	at org.testng.internal.TestMethodWorker.run(TestMethodWorker.java:111)
	at org.testng.TestRunner.privateRun(TestRunner.java:767)
	at org.testng.TestRunner.run(TestRunner.java:617)
	at org.testng.SuiteRunner.runTest(SuiteRunner.java:334)
	at org.testng.SuiteRunner.runSequentially(SuiteRunner.java:329)
	at org.testng.SuiteRunner.privateRun(SuiteRunner.java:291)
	at org.testng.SuiteRunner.run(SuiteRunner.java:240)
	at org.testng.SuiteRunnerWorker.runSuite(SuiteRunnerWorker.java:52)
	at org.testng.SuiteRunnerWorker.run(SuiteRunnerWorker.java:86)
	at org.testng.TestNG.runSuitesSequentially(TestNG.java:1198)
	at org.testng.TestNG.runSuitesLocally(TestNG.java:1123)
	at org.testng.TestNG.run(TestNG.java:1031)
	at org.apache.maven.surefire.testng.TestNGExecutor.run(TestNGExecutor.java:283)
	at org.apache.maven.surefire.testng.TestNGXmlTestSuite.execute(TestNGXmlTestSuite.java:75)
	at org.apache.maven.surefire.testng.TestNGProvider.invoke(TestNGProvider.java:120)
	at org.apache.maven.surefire.booter.ForkedBooter.invokeProviderInSameClassLoader(ForkedBooter.java:384)
	at org.apache.maven.surefire.booter.ForkedBooter.runSuitesInProcess(ForkedBooter.java:345)
	at org.apache.maven.surefire.booter.ForkedBooter.execute(ForkedBooter.java:126)
	at org.apache.maven.surefire.booter.ForkedBooter.main(ForkedBooter.java:418)
]]>
            </full-stacktrace>
          </exception> <!-- org.testng.TestNGException -->
          <reporter-output>
          </reporter-output>
        </test-method> <!-- testOne -->
      </class> <!-- com.automation.test.LoginTest -->
      <class name="com.automation.test.BikeTest">
        <test-method status="PASS" signature="testOne()[pri:0, instance:com.automation.test.BikeTest@2c767a52]" name="testOne" duration-ms="20673" started-at="2020-11-01T15:11:16Z" finished-at="2020-11-01T15:11:37Z">
          <reporter-output>
          </reporter-output>
        </test-method> <!-- testOne -->
        <test-method status="PASS" signature="flushReports()[pri:0, instance:com.automation.test.BikeTest@2c767a52]" name="flushReports" is-config="true" duration-ms="73" started-at="2020-11-01T15:11:37Z" finished-at="2020-11-01T15:11:37Z">
          <reporter-output>
          </reporter-output>
        </test-method> <!-- flushReports -->
      </class> <!-- com.automation.test.BikeTest -->
      <class name="com.automation.test.PopularCarTest">
        <test-method status="PASS" signature="testOne()[pri:0, instance:com.automation.test.PopularCarTest@3daa422a]" name="testOne" duration-ms="25586" started-at="2020-11-01T15:10:50Z" finished-at="2020-11-01T15:11:16Z">
          <reporter-output>
          </reporter-output>
        </test-method> <!-- testOne -->
        <test-method status="PASS" signature="flushReports()[pri:0, instance:com.automation.test.PopularCarTest@3daa422a]" name="flushReports" is-config="true" duration-ms="543" started-at="2020-11-01T15:11:16Z" finished-at="2020-11-01T15:11:16Z">
          <reporter-output>
          </reporter-output>
        </test-method> <!-- flushReports -->
      </class> <!-- com.automation.test.PopularCarTest -->
    </test> <!-- Test -->
  </suite> <!-- Suite -->
</testng-results>
