<?xml version="1.0" encoding="UTF-8"?>
<!-- Generated by org.testng.reporters.JUnitXMLReporter -->
<testsuite hostname="DESKTOP-B88TDQB" name="Test" tests="3" failures="0" timestamp="1 Nov 2020 09:41:37 GMT" time="46.891" errors="0">
  <testcase name="testOne" time="25.586" classname="com.automation.test.PopularCarTest"/>
  <testcase name="testOne" time="0.002" classname="com.automation.test.LoginTest">
    <skipped/>
  </testcase> <!-- testOne -->
  <testcase name="testOne" time="20.673" classname="com.automation.test.BikeTest"/>
</testsuite> <!-- Test -->
